<?xml version="1.0" encoding="UTF-8"?>
<!-- Generated by org.testng.reporters.JUnitReportReporter -->
<testsuite skipped="0" hostname="DESKTOP-SOA08S7" name="i2iFundingApp.LaunchApp" tests="1" failures="0" timestamp="18 May 2019 05:44:09 GMT" time="6.590" errors="0">
  <testcase name="launchInvestorApp" time="6.590" classname="i2iFundingApp.LaunchApp"/>
</testsuite> <!-- i2iFundingApp.LaunchApp -->
