<?xml version="1.0" encoding="UTF-8"?>
<!-- Generated by org.testng.reporters.JUnitReportReporter -->
<testsuite skipped="0" hostname="DESKTOP-SOA08S7" name="i2iFundingApp.TEst" tests="1" failures="0" timestamp="28 May 2019 12:36:05 GMT" time="26.578" errors="0">
  <testcase name="abc" time="26.578" classname="i2iFundingApp.TEst"/>
</testsuite> <!-- i2iFundingApp.TEst -->
